<?xml version="1.0" encoding="UTF-8"?>
<testsuite name="java8.dateTime.DateTimeTest" tests="1" skipped="0" failures="0" errors="0" timestamp="2015-03-22T19:49:04" hostname="jcca-laptop.home" time="0.142">
  <properties/>
  <testcase name="localDateTimeCreate" classname="java8.dateTime.DateTimeTest" time="0.142"/>
  <system-out><![CDATA[2012-12-12
17:18
]]></system-out>
  <system-err><![CDATA[]]></system-err>
</testsuite>
